<?xml version="1.0" encoding="UTF-8"?>
<!-- Generated by org.testng.reporters.JUnitXMLReporter -->
<testsuite hostname="DESKTOP-6A7BK1O" ignored="0" name="Regression" tests="7" failures="1" timestamp="24 Jun 2020 21:10:22 GMT" time="0.123" errors="0">
  <testcase name="mobileLoginHL" time="0.011" classname="com.qa.testcases1.Day6"/>
  <testcase name="testFailure" time="0.01" classname="com.qa.testcases1.Day6">
    <failure type="java.lang.AssertionError" message="expected [true] but found [false]">
      <![CDATA[java.lang.AssertionError: expected [true] but found [false]
at com.qa.testcases1.Day6.testFailure(Day6.java:73)
at java.util.concurrent.FutureTask.run(FutureTask.java:266)
at java.util.concurrent.ThreadPoolExecutor.runWorker(ThreadPoolExecutor.java:1142)
at java.util.concurrent.ThreadPoolExecutor$Worker.run(ThreadPoolExecutor.java:617)
at java.lang.Thread.run(Thread.java:745)
... Removed 20 stack frames]]>
    </failure>
  </testcase> <!-- testFailure -->
  <testcase name="testParamterized" time="0.001" classname="com.qa.testcases1.Day6"/>
  <testcase name="testgDataProvider" time="0.017" classname="com.qa.testcases1.Day6"/>
  <testcase name="testgDataProvider" time="0.002" classname="com.qa.testcases1.Day6"/>
  <testcase name="testgDataProvider" time="0.001" classname="com.qa.testcases1.Day6"/>
  <testcase name="webLoginHomeLoan" time="0.002" classname="com.qa.testcases1.Day6"/>
</testsuite> <!-- Regression -->
